AH00558: apache2: Could not reliably determine the server's fully qualified domain name, using 172.22.0.3. Set the 'ServerName' directive globally to suppress this message
[Mon Jan 17 11:25:04.078826 2022] [mpm_prefork:notice] [pid 1] AH00163: Apache/2.4.51 (Debian) PHP/7.4.27 configured -- resuming normal operations
[Mon Jan 17 11:25:04.078878 2022] [core:notice] [pid 1] AH00094: Command line: 'apache2 -D FOREGROUND'
[Mon Jan 17 11:26:16.211947 2022] [autoindex:error] [pid 22] [client 172.22.0.1:58134] AH01276: Cannot serve directory /var/www/html/: No matching DirectoryIndex (index.php,index.html) found, and server-generated directory index forbidden by Options directive
[Mon Jan 17 11:26:18.173932 2022] [autoindex:error] [pid 22] [client 172.22.0.1:58134] AH01276: Cannot serve directory /var/www/html/: No matching DirectoryIndex (index.php,index.html) found, and server-generated directory index forbidden by Options directive
[Mon Jan 17 11:27:11.540168 2022] [mpm_prefork:notice] [pid 1] AH00170: caught SIGWINCH, shutting down gracefully
AH00558: apache2: Could not reliably determine the server's fully qualified domain name, using 172.23.0.3. Set the 'ServerName' directive globally to suppress this message
[Mon Jan 17 11:27:18.666887 2022] [mpm_prefork:notice] [pid 1] AH00163: Apache/2.4.51 (Debian) PHP/7.4.27 configured -- resuming normal operations
[Mon Jan 17 11:27:18.666940 2022] [core:notice] [pid 1] AH00094: Command line: 'apache2 -D FOREGROUND'
AH00558: apache2: Could not reliably determine the server's fully qualified domain name, using 172.23.0.3. Set the 'ServerName' directive globally to suppress this message
[Sun Jan 23 17:42:00.789697 2022] [mpm_prefork:notice] [pid 1] AH00163: Apache/2.4.51 (Debian) PHP/7.4.27 configured -- resuming normal operations
[Sun Jan 23 17:42:00.789838 2022] [core:notice] [pid 1] AH00094: Command line: 'apache2 -D FOREGROUND'
[Sun Jan 23 17:51:37.850379 2022] [mpm_prefork:notice] [pid 1] AH00170: caught SIGWINCH, shutting down gracefully
AH00558: apache2: Could not reliably determine the server's fully qualified domain name, using 172.18.0.3. Set the 'ServerName' directive globally to suppress this message
[Sun Jan 23 17:51:53.954266 2022] [mpm_prefork:notice] [pid 1] AH00163: Apache/2.4.51 (Debian) PHP/7.4.27 configured -- resuming normal operations
[Sun Jan 23 17:51:53.954409 2022] [core:notice] [pid 1] AH00094: Command line: 'apache2 -D FOREGROUND'
[Sun Jan 23 17:54:28.272411 2022] [mpm_prefork:notice] [pid 1] AH00170: caught SIGWINCH, shutting down gracefully
AH00558: apache2: Could not reliably determine the server's fully qualified domain name, using 172.19.0.3. Set the 'ServerName' directive globally to suppress this message
[Sun Jan 23 17:54:36.461273 2022] [mpm_prefork:notice] [pid 1] AH00163: Apache/2.4.51 (Debian) PHP/7.4.27 configured -- resuming normal operations
[Sun Jan 23 17:54:36.461441 2022] [core:notice] [pid 1] AH00094: Command line: 'apache2 -D FOREGROUND'
[Sun Jan 23 18:20:40.698620 2022] [php7:error] [pid 19] [client 192.168.0.117:41718] script '/var/www/html/controladorinsertar.php' not found or unable to stat
[Sun Jan 23 18:45:59.065584 2022] [mpm_prefork:notice] [pid 1] AH00170: caught SIGWINCH, shutting down gracefully
AH00558: apache2: Could not reliably determine the server's fully qualified domain name, using 172.20.0.3. Set the 'ServerName' directive globally to suppress this message
[Sun Jan 23 18:46:08.402221 2022] [mpm_prefork:notice] [pid 1] AH00163: Apache/2.4.51 (Debian) PHP/7.4.27 configured -- resuming normal operations
[Sun Jan 23 18:46:08.402380 2022] [core:notice] [pid 1] AH00094: Command line: 'apache2 -D FOREGROUND'
[Sun Jan 23 18:46:56.435869 2022] [php7:error] [pid 21] [client 192.168.0.117:41748] script '/var/www/html/borrarProducto.php' not found or unable to stat
[Sun Jan 23 18:46:59.017283 2022] [php7:error] [pid 21] [client 192.168.0.117:41748] script '/var/www/html/borrarProducto.php' not found or unable to stat
[Sun Jan 23 18:47:14.827518 2022] [mpm_prefork:notice] [pid 1] AH00170: caught SIGWINCH, shutting down gracefully
AH00558: apache2: Could not reliably determine the server's fully qualified domain name, using 172.22.0.3. Set the 'ServerName' directive globally to suppress this message
[Sun Jan 23 18:47:23.074682 2022] [mpm_prefork:notice] [pid 1] AH00163: Apache/2.4.51 (Debian) PHP/7.4.27 configured -- resuming normal operations
[Sun Jan 23 18:47:23.074841 2022] [core:notice] [pid 1] AH00094: Command line: 'apache2 -D FOREGROUND'
[Sun Jan 23 18:50:21.642075 2022] [mpm_prefork:notice] [pid 1] AH00170: caught SIGWINCH, shutting down gracefully
AH00558: apache2: Could not reliably determine the server's fully qualified domain name, using 172.22.0.3. Set the 'ServerName' directive globally to suppress this message
[Sun Jan 23 18:50:46.825001 2022] [mpm_prefork:notice] [pid 1] AH00163: Apache/2.4.51 (Debian) PHP/7.4.27 configured -- resuming normal operations
[Sun Jan 23 18:50:46.825201 2022] [core:notice] [pid 1] AH00094: Command line: 'apache2 -D FOREGROUND'
[Sun Jan 23 18:51:35.177637 2022] [mpm_prefork:notice] [pid 1] AH00170: caught SIGWINCH, shutting down gracefully
AH00558: apache2: Could not reliably determine the server's fully qualified domain name, using 172.22.0.3. Set the 'ServerName' directive globally to suppress this message
[Sun Jan 23 18:51:51.550204 2022] [mpm_prefork:notice] [pid 1] AH00163: Apache/2.4.51 (Debian) PHP/7.4.27 configured -- resuming normal operations
[Sun Jan 23 18:51:51.550324 2022] [core:notice] [pid 1] AH00094: Command line: 'apache2 -D FOREGROUND'
[Sun Jan 23 18:52:30.729142 2022] [php7:error] [pid 21] [client 192.168.0.117:41774] script '/var/www/html/borrarProducto.php' not found or unable to stat
[Sun Jan 23 18:53:42.446420 2022] [mpm_prefork:notice] [pid 1] AH00170: caught SIGWINCH, shutting down gracefully
AH00558: apache2: Could not reliably determine the server's fully qualified domain name, using 172.18.0.4. Set the 'ServerName' directive globally to suppress this message
[Sun Jan 23 18:53:52.199074 2022] [mpm_prefork:notice] [pid 1] AH00163: Apache/2.4.51 (Debian) PHP/7.4.27 configured -- resuming normal operations
[Sun Jan 23 18:53:52.199232 2022] [core:notice] [pid 1] AH00094: Command line: 'apache2 -D FOREGROUND'
[Sun Jan 23 18:57:57.746640 2022] [mpm_prefork:notice] [pid 1] AH00170: caught SIGWINCH, shutting down gracefully
AH00558: apache2: Could not reliably determine the server's fully qualified domain name, using 172.19.0.3. Set the 'ServerName' directive globally to suppress this message
[Sun Jan 23 18:59:13.776016 2022] [mpm_prefork:notice] [pid 1] AH00163: Apache/2.4.51 (Debian) PHP/7.4.27 configured -- resuming normal operations
[Sun Jan 23 18:59:13.776220 2022] [core:notice] [pid 1] AH00094: Command line: 'apache2 -D FOREGROUND'
[Sun Jan 23 19:07:46.408848 2022] [mpm_prefork:notice] [pid 1] AH00170: caught SIGWINCH, shutting down gracefully
AH00558: apache2: Could not reliably determine the server's fully qualified domain name, using 172.20.0.3. Set the 'ServerName' directive globally to suppress this message
[Sun Jan 23 19:07:55.698370 2022] [mpm_prefork:notice] [pid 1] AH00163: Apache/2.4.51 (Debian) PHP/7.4.27 configured -- resuming normal operations
[Sun Jan 23 19:07:55.698548 2022] [core:notice] [pid 1] AH00094: Command line: 'apache2 -D FOREGROUND'
[Sun Jan 23 19:11:58.906681 2022] [mpm_prefork:notice] [pid 1] AH00170: caught SIGWINCH, shutting down gracefully
AH00558: apache2: Could not reliably determine the server's fully qualified domain name, using 172.22.0.4. Set the 'ServerName' directive globally to suppress this message
[Sun Jan 23 19:12:08.000848 2022] [mpm_prefork:notice] [pid 1] AH00163: Apache/2.4.51 (Debian) PHP/7.4.27 configured -- resuming normal operations
[Sun Jan 23 19:12:08.001011 2022] [core:notice] [pid 1] AH00094: Command line: 'apache2 -D FOREGROUND'
AH00558: apache2: Could not reliably determine the server's fully qualified domain name, using 172.22.0.3. Set the 'ServerName' directive globally to suppress this message
[Mon Jan 24 07:44:33.411474 2022] [mpm_prefork:notice] [pid 1] AH00163: Apache/2.4.51 (Debian) PHP/7.4.27 configured -- resuming normal operations
[Mon Jan 24 07:44:33.411536 2022] [core:notice] [pid 1] AH00094: Command line: 'apache2 -D FOREGROUND'
AH00558: apache2: Could not reliably determine the server's fully qualified domain name, using 172.22.0.3. Set the 'ServerName' directive globally to suppress this message
[Mon Jan 24 09:33:25.551319 2022] [mpm_prefork:notice] [pid 1] AH00163: Apache/2.4.51 (Debian) PHP/7.4.27 configured -- resuming normal operations
[Mon Jan 24 09:33:25.551370 2022] [core:notice] [pid 1] AH00094: Command line: 'apache2 -D FOREGROUND'
AH00558: apache2: Could not reliably determine the server's fully qualified domain name, using 172.22.0.4. Set the 'ServerName' directive globally to suppress this message
[Mon Jan 24 11:32:08.450876 2022] [mpm_prefork:notice] [pid 1] AH00163: Apache/2.4.51 (Debian) PHP/7.4.27 configured -- resuming normal operations
[Mon Jan 24 11:32:08.450996 2022] [core:notice] [pid 1] AH00094: Command line: 'apache2 -D FOREGROUND'
[Mon Jan 24 11:32:53.350609 2022] [mpm_prefork:notice] [pid 1] AH00170: caught SIGWINCH, shutting down gracefully
AH00558: apache2: Could not reliably determine the server's fully qualified domain name, using 172.18.0.3. Set the 'ServerName' directive globally to suppress this message
[Mon Jan 24 11:33:02.112072 2022] [mpm_prefork:notice] [pid 1] AH00163: Apache/2.4.51 (Debian) PHP/7.4.27 configured -- resuming normal operations
[Mon Jan 24 11:33:02.113388 2022] [core:notice] [pid 1] AH00094: Command line: 'apache2 -D FOREGROUND'
[Mon Jan 24 11:35:27.360659 2022] [mpm_prefork:notice] [pid 1] AH00170: caught SIGWINCH, shutting down gracefully
AH00558: apache2: Could not reliably determine the server's fully qualified domain name, using 172.19.0.4. Set the 'ServerName' directive globally to suppress this message
[Mon Jan 24 11:35:35.114173 2022] [mpm_prefork:notice] [pid 1] AH00163: Apache/2.4.51 (Debian) PHP/7.4.27 configured -- resuming normal operations
[Mon Jan 24 11:35:35.114318 2022] [core:notice] [pid 1] AH00094: Command line: 'apache2 -D FOREGROUND'
[Mon Jan 24 11:37:42.702532 2022] [mpm_prefork:notice] [pid 1] AH00170: caught SIGWINCH, shutting down gracefully
AH00558: apache2: Could not reliably determine the server's fully qualified domain name, using 172.20.0.3. Set the 'ServerName' directive globally to suppress this message
[Mon Jan 24 11:37:51.022571 2022] [mpm_prefork:notice] [pid 1] AH00163: Apache/2.4.51 (Debian) PHP/7.4.27 configured -- resuming normal operations
[Mon Jan 24 11:37:51.023133 2022] [core:notice] [pid 1] AH00094: Command line: 'apache2 -D FOREGROUND'
[Mon Jan 24 11:41:37.256796 2022] [mpm_prefork:notice] [pid 1] AH00170: caught SIGWINCH, shutting down gracefully
AH00558: apache2: Could not reliably determine the server's fully qualified domain name, using 172.22.0.3. Set the 'ServerName' directive globally to suppress this message
[Mon Jan 24 11:41:44.924627 2022] [mpm_prefork:notice] [pid 1] AH00163: Apache/2.4.51 (Debian) PHP/7.4.27 configured -- resuming normal operations
[Mon Jan 24 11:41:44.924785 2022] [core:notice] [pid 1] AH00094: Command line: 'apache2 -D FOREGROUND'
[Mon Jan 24 12:15:47.344095 2022] [mpm_prefork:notice] [pid 1] AH00170: caught SIGWINCH, shutting down gracefully
AH00558: apache2: Could not reliably determine the server's fully qualified domain name, using 172.23.0.3. Set the 'ServerName' directive globally to suppress this message
[Mon Jan 24 12:15:56.817885 2022] [mpm_prefork:notice] [pid 1] AH00163: Apache/2.4.51 (Debian) PHP/7.4.27 configured -- resuming normal operations
[Mon Jan 24 12:15:56.818004 2022] [core:notice] [pid 1] AH00094: Command line: 'apache2 -D FOREGROUND'
AH00558: apache2: Could not reliably determine the server's fully qualified domain name, using 172.23.0.3. Set the 'ServerName' directive globally to suppress this message
[Mon Mar 14 11:39:23.990798 2022] [mpm_prefork:notice] [pid 1] AH00163: Apache/2.4.51 (Debian) PHP/7.4.27 configured -- resuming normal operations
[Mon Mar 14 11:39:23.990844 2022] [core:notice] [pid 1] AH00094: Command line: 'apache2 -D FOREGROUND'
[Mon Mar 14 12:02:03.235505 2022] [mpm_prefork:notice] [pid 1] AH00170: caught SIGWINCH, shutting down gracefully
AH00558: apache2: Could not reliably determine the server's fully qualified domain name, using 172.23.0.3. Set the 'ServerName' directive globally to suppress this message
[Mon Mar 14 12:02:05.629085 2022] [mpm_prefork:notice] [pid 1] AH00163: Apache/2.4.51 (Debian) PHP/7.4.27 configured -- resuming normal operations
[Mon Mar 14 12:02:05.629150 2022] [core:notice] [pid 1] AH00094: Command line: 'apache2 -D FOREGROUND'
[Mon Mar 14 12:02:32.393056 2022] [autoindex:error] [pid 17] [client 172.23.0.1:59672] AH01276: Cannot serve directory /var/www/html/: No matching DirectoryIndex (index.php,index.html) found, and server-generated directory index forbidden by Options directive
[Mon Mar 14 12:02:36.159102 2022] [autoindex:error] [pid 18] [client 172.23.0.1:59676] AH01276: Cannot serve directory /var/www/html/: No matching DirectoryIndex (index.php,index.html) found, and server-generated directory index forbidden by Options directive
[Mon Mar 14 12:03:21.469422 2022] [autoindex:error] [pid 19] [client 172.23.0.1:59686] AH01276: Cannot serve directory /var/www/html/: No matching DirectoryIndex (index.php,index.html) found, and server-generated directory index forbidden by Options directive
[Mon Mar 14 12:03:21.993011 2022] [autoindex:error] [pid 19] [client 172.23.0.1:59686] AH01276: Cannot serve directory /var/www/html/: No matching DirectoryIndex (index.php,index.html) found, and server-generated directory index forbidden by Options directive
[Mon Mar 14 12:04:16.170809 2022] [autoindex:error] [pid 20] [client 172.23.0.1:59702] AH01276: Cannot serve directory /var/www/html/: No matching DirectoryIndex (index.php,index.html) found, and server-generated directory index forbidden by Options directive
[Mon Mar 14 12:04:16.639794 2022] [autoindex:error] [pid 20] [client 172.23.0.1:59702] AH01276: Cannot serve directory /var/www/html/: No matching DirectoryIndex (index.php,index.html) found, and server-generated directory index forbidden by Options directive
[Mon Mar 14 12:04:16.869535 2022] [autoindex:error] [pid 20] [client 172.23.0.1:59702] AH01276: Cannot serve directory /var/www/html/: No matching DirectoryIndex (index.php,index.html) found, and server-generated directory index forbidden by Options directive
[Mon Mar 14 12:04:17.007254 2022] [autoindex:error] [pid 20] [client 172.23.0.1:59702] AH01276: Cannot serve directory /var/www/html/: No matching DirectoryIndex (index.php,index.html) found, and server-generated directory index forbidden by Options directive
[Mon Mar 14 12:04:17.175276 2022] [autoindex:error] [pid 20] [client 172.23.0.1:59702] AH01276: Cannot serve directory /var/www/html/: No matching DirectoryIndex (index.php,index.html) found, and server-generated directory index forbidden by Options directive
[Mon Mar 14 12:04:23.089889 2022] [mpm_prefork:notice] [pid 1] AH00170: caught SIGWINCH, shutting down gracefully
AH00558: apache2: Could not reliably determine the server's fully qualified domain name, using 172.19.0.4. Set the 'ServerName' directive globally to suppress this message
[Mon Mar 14 12:04:32.981250 2022] [mpm_prefork:notice] [pid 1] AH00163: Apache/2.4.51 (Debian) PHP/7.4.27 configured -- resuming normal operations
[Mon Mar 14 12:04:32.981298 2022] [core:notice] [pid 1] AH00094: Command line: 'apache2 -D FOREGROUND'
[Mon Mar 14 12:04:40.934506 2022] [autoindex:error] [pid 18] [client 172.19.0.1:58794] AH01276: Cannot serve directory /var/www/html/: No matching DirectoryIndex (index.php,index.html) found, and server-generated directory index forbidden by Options directive
[Mon Mar 14 12:04:41.669927 2022] [autoindex:error] [pid 18] [client 172.19.0.1:58794] AH01276: Cannot serve directory /var/www/html/: No matching DirectoryIndex (index.php,index.html) found, and server-generated directory index forbidden by Options directive
[Mon Mar 14 12:04:41.802103 2022] [autoindex:error] [pid 18] [client 172.19.0.1:58794] AH01276: Cannot serve directory /var/www/html/: No matching DirectoryIndex (index.php,index.html) found, and server-generated directory index forbidden by Options directive
[Mon Mar 14 12:04:41.923148 2022] [autoindex:error] [pid 18] [client 172.19.0.1:58794] AH01276: Cannot serve directory /var/www/html/: No matching DirectoryIndex (index.php,index.html) found, and server-generated directory index forbidden by Options directive
[Mon Mar 14 12:04:42.136991 2022] [autoindex:error] [pid 18] [client 172.19.0.1:58794] AH01276: Cannot serve directory /var/www/html/: No matching DirectoryIndex (index.php,index.html) found, and server-generated directory index forbidden by Options directive
[Mon Mar 14 12:04:46.838551 2022] [autoindex:error] [pid 18] [client 172.19.0.1:58794] AH01276: Cannot serve directory /var/www/html/: No matching DirectoryIndex (index.php,index.html) found, and server-generated directory index forbidden by Options directive
[Mon Mar 14 12:04:57.162936 2022] [mpm_prefork:notice] [pid 1] AH00170: caught SIGWINCH, shutting down gracefully
AH00558: apache2: Could not reliably determine the server's fully qualified domain name, using 172.20.0.3. Set the 'ServerName' directive globally to suppress this message
[Mon Mar 14 12:06:05.415189 2022] [mpm_prefork:notice] [pid 1] AH00163: Apache/2.4.51 (Debian) PHP/7.4.27 configured -- resuming normal operations
[Mon Mar 14 12:06:05.415237 2022] [core:notice] [pid 1] AH00094: Command line: 'apache2 -D FOREGROUND'
[Mon Mar 14 12:06:09.060189 2022] [autoindex:error] [pid 18] [client 172.20.0.1:43618] AH01276: Cannot serve directory /var/www/html/: No matching DirectoryIndex (index.php,index.html) found, and server-generated directory index forbidden by Options directive
[Mon Mar 14 12:13:12.129698 2022] [mpm_prefork:notice] [pid 1] AH00170: caught SIGWINCH, shutting down gracefully
AH00558: apache2: Could not reliably determine the server's fully qualified domain name, using 172.22.0.4. Set the 'ServerName' directive globally to suppress this message
[Mon Mar 14 12:13:17.774761 2022] [mpm_prefork:notice] [pid 1] AH00163: Apache/2.4.51 (Debian) PHP/7.4.27 configured -- resuming normal operations
[Mon Mar 14 12:13:17.774841 2022] [core:notice] [pid 1] AH00094: Command line: 'apache2 -D FOREGROUND'
[Mon Mar 14 12:13:31.835810 2022] [core:crit] [pid 19] (13)Permission denied: [client 172.22.0.1:41870] AH00529: /var/www/html/.htaccess pcfg_openfile: unable to check htaccess file, ensure it is readable and that '/var/www/html/' is executable
[Mon Mar 14 12:15:23.945161 2022] [mpm_prefork:notice] [pid 1] AH00170: caught SIGWINCH, shutting down gracefully
AH00558: apache2: Could not reliably determine the server's fully qualified domain name, using 172.23.0.4. Set the 'ServerName' directive globally to suppress this message
[Mon Mar 14 12:16:42.280630 2022] [mpm_prefork:notice] [pid 1] AH00163: Apache/2.4.51 (Debian) PHP/7.4.27 configured -- resuming normal operations
[Mon Mar 14 12:16:42.280681 2022] [core:notice] [pid 1] AH00094: Command line: 'apache2 -D FOREGROUND'
[Mon Mar 14 12:17:19.738295 2022] [mpm_prefork:notice] [pid 1] AH00170: caught SIGWINCH, shutting down gracefully
AH00558: apache2: Could not reliably determine the server's fully qualified domain name, using 172.23.0.4. Set the 'ServerName' directive globally to suppress this message
[Mon Mar 14 12:17:22.396923 2022] [mpm_prefork:notice] [pid 1] AH00163: Apache/2.4.51 (Debian) PHP/7.4.27 configured -- resuming normal operations
[Mon Mar 14 12:17:22.397014 2022] [core:notice] [pid 1] AH00094: Command line: 'apache2 -D FOREGROUND'
[Mon Mar 14 12:17:25.218510 2022] [core:crit] [pid 17] (13)Permission denied: [client 172.23.0.1:48910] AH00529: /var/www/html/.htaccess pcfg_openfile: unable to check htaccess file, ensure it is readable and that '/var/www/html/' is executable
[Mon Mar 14 12:19:08.588155 2022] [mpm_prefork:notice] [pid 1] AH00170: caught SIGWINCH, shutting down gracefully
AH00558: apache2: Could not reliably determine the server's fully qualified domain name, using 172.24.0.3. Set the 'ServerName' directive globally to suppress this message
[Mon Mar 14 12:19:13.803047 2022] [mpm_prefork:notice] [pid 1] AH00163: Apache/2.4.51 (Debian) PHP/7.4.27 configured -- resuming normal operations
[Mon Mar 14 12:19:13.803110 2022] [core:notice] [pid 1] AH00094: Command line: 'apache2 -D FOREGROUND'
[Mon Mar 14 12:21:59.161238 2022] [mpm_prefork:notice] [pid 1] AH00170: caught SIGWINCH, shutting down gracefully
AH00558: apache2: Could not reliably determine the server's fully qualified domain name, using 172.24.0.3. Set the 'ServerName' directive globally to suppress this message
[Mon Mar 14 12:22:01.940427 2022] [mpm_prefork:notice] [pid 1] AH00163: Apache/2.4.51 (Debian) PHP/7.4.27 configured -- resuming normal operations
[Mon Mar 14 12:22:01.940495 2022] [core:notice] [pid 1] AH00094: Command line: 'apache2 -D FOREGROUND'
[Mon Mar 14 12:22:34.432203 2022] [mpm_prefork:notice] [pid 1] AH00170: caught SIGWINCH, shutting down gracefully
AH00558: apache2: Could not reliably determine the server's fully qualified domain name, using 172.24.0.3. Set the 'ServerName' directive globally to suppress this message
[Mon Mar 14 12:22:37.083040 2022] [mpm_prefork:notice] [pid 1] AH00163: Apache/2.4.51 (Debian) PHP/7.4.27 configured -- resuming normal operations
[Mon Mar 14 12:22:37.083092 2022] [core:notice] [pid 1] AH00094: Command line: 'apache2 -D FOREGROUND'
[Mon Mar 14 12:22:46.291170 2022] [core:crit] [pid 16] (13)Permission denied: [client 172.24.0.1:42924] AH00529: /var/www/html/.htaccess pcfg_openfile: unable to check htaccess file, ensure it is readable and that '/var/www/html/' is executable
